<?xml version="1.0" encoding="UTF-8"?>
<!-- Generated by org.testng.reporters.JUnitReportReporter -->
<testsuite hostname="Mds-MacBook-Pro.home" name="base.TestBase" tests="1" failures="0" timestamp="22 Sep 2015 00:35:05 GMT" time="32.850" errors="0">
  <testcase name="validateInvalidLinks" time="32.850" classname="base.TestBase"/>
</testsuite> <!-- base.TestBase -->
