<?xml version="1.0" encoding="UTF-8"?>
<!-- Generated by org.testng.reporters.JUnitReportReporter -->
<testsuite hostname="Mds-MacBook-Pro.home" name="tests.LoginPageTest" tests="1" failures="0" timestamp="27 Sep 2015 03:23:50 GMT" time="5.886" errors="0">
  <testcase name="validLoginTest" time="5.886" classname="tests.LoginPageTest"/>
</testsuite> <!-- tests.LoginPageTest -->
